<?xml version="1.0" encoding="UTF-8"?>
<!-- Generated by org.testng.reporters.JUnitReportReporter -->
<testsuite hostname="Trantor319" failures="0" tests="3" name="com.crm.qa.testcases.LoginPageTest" time="67.894" errors="0" timestamp="12 Feb 2019 06:45:49 GMT" skipped="0">
  <testcase classname="com.crm.qa.testcases.LoginPageTest" name="loginPageTitleTest" time="27.514"/>
  <testcase classname="com.crm.qa.testcases.LoginPageTest" name="crmLogoTest" time="12.930"/>
  <testcase classname="com.crm.qa.testcases.LoginPageTest" name="loginTest" time="27.450"/>
</testsuite> <!-- com.crm.qa.testcases.LoginPageTest -->
