<?xml version="1.0" encoding="UTF-8"?>
<!-- Generated by org.testng.reporters.JUnitReportReporter -->
<testsuite hostname="Trantor319" failures="0" tests="2" name="com.crm.qa.testcases.HomePageTest" time="44.774" errors="0" timestamp="12 Feb 2019 07:18:20 GMT" skipped="0">
  <testcase classname="com.crm.qa.testcases.HomePageTest" name="verifyHomePageLogoTest" time="22.383"/>
  <testcase classname="com.crm.qa.testcases.HomePageTest" name="verifyHomePageHelpLinkExistTest" time="22.391"/>
</testsuite> <!-- com.crm.qa.testcases.HomePageTest -->
